TN:
SF:src\App.tsx
FN:8,(anonymous_9)
FN:8,(anonymous_10)
FN:8,(anonymous_11)
FN:9,(anonymous_12)
FN:9,(anonymous_13)
FN:9,(anonymous_14)
FN:10,(anonymous_15)
FN:10,(anonymous_16)
FN:10,(anonymous_17)
FN:11,(anonymous_18)
FN:11,(anonymous_19)
FN:11,(anonymous_20)
FN:12,(anonymous_21)
FN:12,(anonymous_22)
FN:12,(anonymous_23)
FN:14,App
FNF:16
FNH:4
FNDA:2,(anonymous_9)
FNDA:2,(anonymous_10)
FNDA:2,(anonymous_11)
FNDA:0,(anonymous_12)
FNDA:0,(anonymous_13)
FNDA:0,(anonymous_14)
FNDA:0,(anonymous_15)
FNDA:0,(anonymous_16)
FNDA:0,(anonymous_17)
FNDA:0,(anonymous_18)
FNDA:0,(anonymous_19)
FNDA:0,(anonymous_20)
FNDA:0,(anonymous_21)
FNDA:0,(anonymous_22)
FNDA:0,(anonymous_23)
FNDA:2,App
DA:1,2
DA:2,2
DA:3,2
DA:4,2
DA:5,2
DA:8,2
DA:9,2
DA:10,2
DA:11,2
DA:12,2
DA:15,2
DA:36,2
LF:12
LH:12
BRF:0
BRH:0
end_of_record
TN:
SF:src\components\Navbar.tsx
FN:4,(anonymous_0)
FN:8,(anonymous_1)
FNF:2
FNH:2
FNDA:2,(anonymous_0)
FNDA:8,(anonymous_1)
DA:1,2
DA:2,2
DA:4,2
DA:5,2
DA:8,8
DA:15,2
LF:6
LH:6
BRDA:9,0,0,2
BRDA:9,0,1,6
BRDA:10,1,0,2
BRDA:10,1,1,6
BRF:4
BRH:4
end_of_record
TN:
SF:src\components\ProductCard.tsx
FN:11,(anonymous_0)
FN:59,(anonymous_1)
FNF:2
FNH:1
FNDA:4,(anonymous_0)
FNDA:0,(anonymous_1)
DA:1,1
DA:2,1
DA:4,1
DA:11,1
DA:12,4
DA:14,4
DA:59,0
DA:79,1
LF:8
LH:7
BRDA:63,0,0,0
BRDA:63,0,1,4
BRDA:68,1,0,0
BRDA:68,1,1,4
BRDA:69,2,0,0
BRDA:69,2,1,4
BRDA:71,3,0,0
BRDA:71,3,1,4
BRF:8
BRH:4
end_of_record
TN:
SF:src\components\Spinner.tsx
FN:1,(anonymous_0)
FNF:1
FNH:1
FNDA:2,(anonymous_0)
DA:1,2
DA:2,2
LF:2
LH:2
BRF:0
BRH:0
end_of_record
TN:
SF:src\context\AppContext.tsx
FN:16,(anonymous_0)
FN:18,(anonymous_1)
FN:25,(anonymous_2)
FN:30,(anonymous_3)
FN:31,(anonymous_4)
FN:33,(anonymous_5)
FN:39,(anonymous_6)
FN:54,(anonymous_7)
FNF:8
FNH:5
FNDA:6,(anonymous_0)
FNDA:6,(anonymous_1)
FNDA:6,(anonymous_2)
FNDA:0,(anonymous_3)
FNDA:0,(anonymous_4)
FNDA:0,(anonymous_5)
FNDA:16,(anonymous_6)
FNDA:6,(anonymous_7)
DA:3,3
DA:14,3
DA:16,3
DA:18,6
DA:19,6
DA:20,6
DA:23,6
DA:25,6
DA:26,6
DA:30,6
DA:31,0
DA:32,0
DA:33,0
DA:39,16
DA:41,6
DA:54,3
DA:55,6
DA:56,6
DA:57,0
DA:59,6
LF:20
LH:16
BRDA:20,0,0,3
BRDA:20,0,1,3
BRDA:32,1,0,0
BRDA:32,1,1,0
BRDA:56,2,0,0
BRDA:56,2,1,6
BRF:6
BRH:3
end_of_record
